<?xml version="1.0" encoding="UTF-8"?>
<!-- Generated by org.testng.reporters.JUnitReportReporter -->
<testsuite skipped="0" hostname="LAPTOP-KI3R08RR" name="com.sbdb.TestNgCucumberScenarioRunner" tests="1" failures="0" timestamp="03 Oct 2022 22:06:58 GMT" time="4.693" errors="0">
  <testcase name="feature" time="4.693" classname="com.sbdb.TestNgCucumberScenarioRunner"/>
</testsuite> <!-- com.sbdb.TestNgCucumberScenarioRunner -->
